{"uuid":"5ff41567-3b62-4d1b-8bd7-79d024ecee82","historyId":"154503a5a70c3470667d1528f1d12325","status":"failed","statusDetails":{"message":"AssertionError: Wikipedia main page is not displayed: expected 'Wikipedia\\nThe Free Encyclopedia' to be true","trace":"AssertionError: Wikipedia main page is not displayed: expected 'Wikipedia\\nThe Free Encyclopedia' to be true\n    at World.<anonymous> (file:///C:/Users/n.hridi/Desktop/JS/JS%20Project/JS-Webdriver-Test-Automation/test/step-definitions/downloadPdfSteps.js:15:12)\n    at process.processTicksAndRejections (node:internal/process/task_queues:95:5)\n    at async wrapPromiseWithTimeout (C:\\Users\\n.hridi\\Desktop\\JS\\JS Project\\JS-Webdriver-Test-Automation\\node_modules\\@cucumber\\cucumber\\lib\\time.js:57:12)\n    at async Object.run (C:\\Users\\n.hridi\\Desktop\\JS\\JS Project\\JS-Webdriver-Test-Automation\\node_modules\\@cucumber\\cucumber\\lib\\user_code_runner.js:64:22)\n    at async Object.run (C:\\Users\\n.hridi\\Desktop\\JS\\JS Project\\JS-Webdriver-Test-Automation\\node_modules\\@cucumber\\cucumber\\lib\\runtime\\step_runner.js:51:26)\n    at async TestCaseRunner.invokeStep (C:\\Users\\n.hridi\\Desktop\\JS\\JS Project\\JS-Webdriver-Test-Automation\\node_modules\\@cucumber\\cucumber\\lib\\runtime\\test_case_runner.js:95:16)\n    at async TestCaseRunner.runStep (C:\\Users\\n.hridi\\Desktop\\JS\\JS Project\\JS-Webdriver-Test-Automation\\node_modules\\@cucumber\\cucumber\\lib\\runtime\\test_case_runner.js:244:26)\n    at async C:\\Users\\n.hridi\\Desktop\\JS\\JS Project\\JS-Webdriver-Test-Automation\\node_modules\\@cucumber\\cucumber\\lib\\runtime\\test_case_runner.js:175:44\n    at async TestCaseRunner.aroundTestStep (C:\\Users\\n.hridi\\Desktop\\JS\\JS Project\\JS-Webdriver-Test-Automation\\node_modules\\@cucumber\\cucumber\\lib\\runtime\\test_case_runner.js:120:32)\n    at async TestCaseRunner.runAttempt (C:\\Users\\n.hridi\\Desktop\\JS\\JS Project\\JS-Webdriver-Test-Automation\\node_modules\\@cucumber\\cucumber\\lib\\runtime\\test_case_runner.js:158:13)\n    at async TestCaseRunner.run (C:\\Users\\n.hridi\\Desktop\\JS\\JS Project\\JS-Webdriver-Test-Automation\\node_modules\\@cucumber\\cucumber\\lib\\runtime\\test_case_runner.js:136:35)\n    at async Runtime.runTestCase (C:\\Users\\n.hridi\\Desktop\\JS\\JS Project\\JS-Webdriver-Test-Automation\\node_modules\\@cucumber\\cucumber\\lib\\runtime\\index.js:40:24)\n    at async Runtime.start (C:\\Users\\n.hridi\\Desktop\\JS\\JS Project\\JS-Webdriver-Test-Automation\\node_modules\\@cucumber\\cucumber\\lib\\runtime\\index.js:61:13)\n    at async runCucumber (C:\\Users\\n.hridi\\Desktop\\JS\\JS Project\\JS-Webdriver-Test-Automation\\node_modules\\@cucumber\\cucumber\\lib\\api\\run_cucumber.js:106:21)\n    at async CucumberAdapter.run (file:///C:/Users/n.hridi/Desktop/JS/JS%20Project/JS-Webdriver-Test-Automation/node_modules/@wdio/cucumber-framework/build/index.js:188:33)\n    at async Runner.run (file:///C:/Users/n.hridi/Desktop/JS/JS%20Project/JS-Webdriver-Test-Automation/node_modules/@wdio/runner/build/index.js:157:24)"},"stage":"finished","steps":[{"status":"failed","statusDetails":{"message":"AssertionError: Wikipedia main page is not displayed: expected 'Wikipedia\\nThe Free Encyclopedia' to be true","trace":"AssertionError: Wikipedia main page is not displayed: expected 'Wikipedia\\nThe Free Encyclopedia' to be true\n    at World.<anonymous> (file:///C:/Users/n.hridi/Desktop/JS/JS%20Project/JS-Webdriver-Test-Automation/test/step-definitions/downloadPdfSteps.js:15:12)\n    at process.processTicksAndRejections (node:internal/process/task_queues:95:5)\n    at async wrapPromiseWithTimeout (C:\\Users\\n.hridi\\Desktop\\JS\\JS Project\\JS-Webdriver-Test-Automation\\node_modules\\@cucumber\\cucumber\\lib\\time.js:57:12)\n    at async Object.run (C:\\Users\\n.hridi\\Desktop\\JS\\JS Project\\JS-Webdriver-Test-Automation\\node_modules\\@cucumber\\cucumber\\lib\\user_code_runner.js:64:22)\n    at async Object.run (C:\\Users\\n.hridi\\Desktop\\JS\\JS Project\\JS-Webdriver-Test-Automation\\node_modules\\@cucumber\\cucumber\\lib\\runtime\\step_runner.js:51:26)\n    at async TestCaseRunner.invokeStep (C:\\Users\\n.hridi\\Desktop\\JS\\JS Project\\JS-Webdriver-Test-Automation\\node_modules\\@cucumber\\cucumber\\lib\\runtime\\test_case_runner.js:95:16)\n    at async TestCaseRunner.runStep (C:\\Users\\n.hridi\\Desktop\\JS\\JS Project\\JS-Webdriver-Test-Automation\\node_modules\\@cucumber\\cucumber\\lib\\runtime\\test_case_runner.js:244:26)\n    at async C:\\Users\\n.hridi\\Desktop\\JS\\JS Project\\JS-Webdriver-Test-Automation\\node_modules\\@cucumber\\cucumber\\lib\\runtime\\test_case_runner.js:175:44\n    at async TestCaseRunner.aroundTestStep (C:\\Users\\n.hridi\\Desktop\\JS\\JS Project\\JS-Webdriver-Test-Automation\\node_modules\\@cucumber\\cucumber\\lib\\runtime\\test_case_runner.js:120:32)\n    at async TestCaseRunner.runAttempt (C:\\Users\\n.hridi\\Desktop\\JS\\JS Project\\JS-Webdriver-Test-Automation\\node_modules\\@cucumber\\cucumber\\lib\\runtime\\test_case_runner.js:158:13)\n    at async TestCaseRunner.run (C:\\Users\\n.hridi\\Desktop\\JS\\JS Project\\JS-Webdriver-Test-Automation\\node_modules\\@cucumber\\cucumber\\lib\\runtime\\test_case_runner.js:136:35)\n    at async Runtime.runTestCase (C:\\Users\\n.hridi\\Desktop\\JS\\JS Project\\JS-Webdriver-Test-Automation\\node_modules\\@cucumber\\cucumber\\lib\\runtime\\index.js:40:24)\n    at async Runtime.start (C:\\Users\\n.hridi\\Desktop\\JS\\JS Project\\JS-Webdriver-Test-Automation\\node_modules\\@cucumber\\cucumber\\lib\\runtime\\index.js:61:13)\n    at async runCucumber (C:\\Users\\n.hridi\\Desktop\\JS\\JS Project\\JS-Webdriver-Test-Automation\\node_modules\\@cucumber\\cucumber\\lib\\api\\run_cucumber.js:106:21)\n    at async CucumberAdapter.run (file:///C:/Users/n.hridi/Desktop/JS/JS%20Project/JS-Webdriver-Test-Automation/node_modules/@wdio/cucumber-framework/build/index.js:188:33)\n    at async Runner.run (file:///C:/Users/n.hridi/Desktop/JS/JS%20Project/JS-Webdriver-Test-Automation/node_modules/@wdio/runner/build/index.js:157:24)"},"stage":"finished","steps":[{"status":"passed","statusDetails":{},"stage":"finished","steps":[],"attachments":[{"name":"Request","type":"text/plain","source":"0b7e9f26-6918-4ce9-baeb-d7e109518c2f-attachment.txt"},{"name":"Response","type":"text/plain","source":"519bff24-2c02-49ab-874e-461fb9a24d5a-attachment.txt"}],"parameters":[],"start":1720700792595,"name":"navigateTo","stop":1720700793196},{"status":"passed","statusDetails":{},"stage":"finished","steps":[],"attachments":[{"name":"Request","type":"text/plain","source":"a94d2542-4f39-485a-b6c7-cce921997877-attachment.txt"},{"name":"Response","type":"text/plain","source":"9c6644d0-a4c6-4aa1-b29f-ce931236f1df-attachment.txt"}],"parameters":[],"start":1720700793198,"name":"findElement","stop":1720700793211},{"status":"passed","statusDetails":{},"stage":"finished","steps":[],"attachments":[{"name":"Request","type":"text/plain","source":"c8c706e9-ba16-4ba3-a9cf-d8a8bd67b24e-attachment.txt"},{"name":"Response","type":"text/plain","source":"62cab7a3-c0e6-4ff0-9fd2-1db58879c8de-attachment.txt"}],"parameters":[],"start":1720700793217,"name":"findElements","stop":1720700793232},{"status":"passed","statusDetails":{},"stage":"finished","steps":[],"attachments":[{"name":"Request","type":"text/plain","source":"a2d82522-a6b5-4825-b345-48a5ce9070d4-attachment.txt"},{"name":"Response","type":"text/plain","source":"ec41b3cd-fbe1-4b82-881b-f10c74cc7bb0-attachment.txt"}],"parameters":[],"start":1720700793239,"name":"findElement","stop":1720700793252},{"status":"passed","statusDetails":{},"stage":"finished","steps":[],"attachments":[{"name":"Response","type":"application/json","source":"f08dac64-153b-4b48-9489-11a3d38b36e8-attachment.json"}],"parameters":[],"start":1720700793256,"name":"getElementText","stop":1720700793276}],"attachments":[],"parameters":[],"start":1720700792586,"name":"Given I open the main page of Wikipedia","stop":1720700793280},{"status":"broken","statusDetails":{"message":"Step \"I input \"Bengal tiger\" in the search field and click the submit button\" is not defined. You can ignore this error by setting cucumberOpts.ignoreUndefinedDefinitions as true.","trace":"Step \"I input \"Bengal tiger\" in the search field and click the submit button\" is not defined. You can ignore this error by setting cucumberOpts.ignoreUndefinedDefinitions as true.\n\tat Feature(C:\\Users\\n.hridi\\Desktop\\JS\\JS Project\\JS-Webdriver-Test-Automation\\test\\features\\pageInformation.feature):1:1\n\tat Scenario(Access the page information for a Wikipedia article):3:1\n\tat Step(I input \"Bengal tiger\" in the search field and click the submit button):5:3\n"},"stage":"finished","steps":[],"attachments":[],"parameters":[],"start":1720700793281,"name":"When I input \"Bengal tiger\" in the search field and click the submit button","stop":1720700793282},{"status":"broken","statusDetails":{"message":"Step \"I click the Tools menu button and select the Page information option\" is not defined. You can ignore this error by setting cucumberOpts.ignoreUndefinedDefinitions as true.","trace":"Step \"I click the Tools menu button and select the Page information option\" is not defined. You can ignore this error by setting cucumberOpts.ignoreUndefinedDefinitions as true.\n\tat Feature(C:\\Users\\n.hridi\\Desktop\\JS\\JS Project\\JS-Webdriver-Test-Automation\\test\\features\\pageInformation.feature):1:1\n\tat Scenario(Access the page information for a Wikipedia article):3:1\n\tat Step(I click the Tools menu button and select the Page information option):6:3\n"},"stage":"finished","steps":[],"attachments":[],"parameters":[],"start":1720700793283,"name":"And I click the Tools menu button and select the Page information option","stop":1720700793284},{"status":"broken","statusDetails":{"message":"Step \"the information page for the Bengal tiger article is displayed\" is not defined. You can ignore this error by setting cucumberOpts.ignoreUndefinedDefinitions as true.","trace":"Step \"the information page for the Bengal tiger article is displayed\" is not defined. You can ignore this error by setting cucumberOpts.ignoreUndefinedDefinitions as true.\n\tat Feature(C:\\Users\\n.hridi\\Desktop\\JS\\JS Project\\JS-Webdriver-Test-Automation\\test\\features\\pageInformation.feature):1:1\n\tat Scenario(Access the page information for a Wikipedia article):3:1\n\tat Step(the information page for the Bengal tiger article is displayed):7:3\n"},"stage":"finished","steps":[],"attachments":[],"parameters":[],"start":1720700793284,"name":"Then the information page for the Bengal tiger article is displayed","stop":1720700793284}],"attachments":[],"parameters":[{"name":"browser","value":"chrome-126.0.6478.127"}],"labels":[{"name":"language","value":"javascript"},{"name":"framework","value":"wdio"},{"name":"package","value":"C:.Users.n.hridi.Desktop.JS.JS Project.JS-Webdriver-Test-Automation.test.features.pageInformation.feature"},{"name":"thread","value":"0-1"},{"name":"suite","value":"Page Information"},{"name":"feature","value":"Page Information"}],"links":[],"start":1720700792582,"name":"Access the page information for a Wikipedia article","testCaseId":"154503a5a70c3470667d1528f1d12325","stop":1720700793287}