{"uuid":"dacfcde1-c5f8-4ea8-aeb2-dfc927a3fe9d","historyId":"aaac2660becfc0347e2ed3405dc36178","status":"failed","statusDetails":{"message":"AssertionError: Wikipedia main page is not displayed: expected 'Wikipedia\\nThe Free Encyclopedia' to be true","trace":"AssertionError: Wikipedia main page is not displayed: expected 'Wikipedia\\nThe Free Encyclopedia' to be true\n    at World.<anonymous> (file:///C:/Users/n.hridi/Desktop/JS/JS%20Project/JS-Webdriver-Test-Automation/test/step-definitions/downloadPdfSteps.js:15:12)\n    at process.processTicksAndRejections (node:internal/process/task_queues:95:5)\n    at async wrapPromiseWithTimeout (C:\\Users\\n.hridi\\Desktop\\JS\\JS Project\\JS-Webdriver-Test-Automation\\node_modules\\@cucumber\\cucumber\\lib\\time.js:57:12)\n    at async Object.run (C:\\Users\\n.hridi\\Desktop\\JS\\JS Project\\JS-Webdriver-Test-Automation\\node_modules\\@cucumber\\cucumber\\lib\\user_code_runner.js:64:22)\n    at async Object.run (C:\\Users\\n.hridi\\Desktop\\JS\\JS Project\\JS-Webdriver-Test-Automation\\node_modules\\@cucumber\\cucumber\\lib\\runtime\\step_runner.js:51:26)\n    at async TestCaseRunner.invokeStep (C:\\Users\\n.hridi\\Desktop\\JS\\JS Project\\JS-Webdriver-Test-Automation\\node_modules\\@cucumber\\cucumber\\lib\\runtime\\test_case_runner.js:95:16)\n    at async TestCaseRunner.runStep (C:\\Users\\n.hridi\\Desktop\\JS\\JS Project\\JS-Webdriver-Test-Automation\\node_modules\\@cucumber\\cucumber\\lib\\runtime\\test_case_runner.js:244:26)\n    at async C:\\Users\\n.hridi\\Desktop\\JS\\JS Project\\JS-Webdriver-Test-Automation\\node_modules\\@cucumber\\cucumber\\lib\\runtime\\test_case_runner.js:175:44\n    at async TestCaseRunner.aroundTestStep (C:\\Users\\n.hridi\\Desktop\\JS\\JS Project\\JS-Webdriver-Test-Automation\\node_modules\\@cucumber\\cucumber\\lib\\runtime\\test_case_runner.js:120:32)\n    at async TestCaseRunner.runAttempt (C:\\Users\\n.hridi\\Desktop\\JS\\JS Project\\JS-Webdriver-Test-Automation\\node_modules\\@cucumber\\cucumber\\lib\\runtime\\test_case_runner.js:158:13)\n    at async TestCaseRunner.run (C:\\Users\\n.hridi\\Desktop\\JS\\JS Project\\JS-Webdriver-Test-Automation\\node_modules\\@cucumber\\cucumber\\lib\\runtime\\test_case_runner.js:136:35)\n    at async Runtime.runTestCase (C:\\Users\\n.hridi\\Desktop\\JS\\JS Project\\JS-Webdriver-Test-Automation\\node_modules\\@cucumber\\cucumber\\lib\\runtime\\index.js:40:24)\n    at async Runtime.start (C:\\Users\\n.hridi\\Desktop\\JS\\JS Project\\JS-Webdriver-Test-Automation\\node_modules\\@cucumber\\cucumber\\lib\\runtime\\index.js:61:13)\n    at async runCucumber (C:\\Users\\n.hridi\\Desktop\\JS\\JS Project\\JS-Webdriver-Test-Automation\\node_modules\\@cucumber\\cucumber\\lib\\api\\run_cucumber.js:106:21)\n    at async CucumberAdapter.run (file:///C:/Users/n.hridi/Desktop/JS/JS%20Project/JS-Webdriver-Test-Automation/node_modules/@wdio/cucumber-framework/build/index.js:188:33)\n    at async Runner.run (file:///C:/Users/n.hridi/Desktop/JS/JS%20Project/JS-Webdriver-Test-Automation/node_modules/@wdio/runner/build/index.js:157:24)"},"stage":"finished","steps":[{"status":"failed","statusDetails":{"message":"AssertionError: Wikipedia main page is not displayed: expected 'Wikipedia\\nThe Free Encyclopedia' to be true","trace":"AssertionError: Wikipedia main page is not displayed: expected 'Wikipedia\\nThe Free Encyclopedia' to be true\n    at World.<anonymous> (file:///C:/Users/n.hridi/Desktop/JS/JS%20Project/JS-Webdriver-Test-Automation/test/step-definitions/downloadPdfSteps.js:15:12)\n    at process.processTicksAndRejections (node:internal/process/task_queues:95:5)\n    at async wrapPromiseWithTimeout (C:\\Users\\n.hridi\\Desktop\\JS\\JS Project\\JS-Webdriver-Test-Automation\\node_modules\\@cucumber\\cucumber\\lib\\time.js:57:12)\n    at async Object.run (C:\\Users\\n.hridi\\Desktop\\JS\\JS Project\\JS-Webdriver-Test-Automation\\node_modules\\@cucumber\\cucumber\\lib\\user_code_runner.js:64:22)\n    at async Object.run (C:\\Users\\n.hridi\\Desktop\\JS\\JS Project\\JS-Webdriver-Test-Automation\\node_modules\\@cucumber\\cucumber\\lib\\runtime\\step_runner.js:51:26)\n    at async TestCaseRunner.invokeStep (C:\\Users\\n.hridi\\Desktop\\JS\\JS Project\\JS-Webdriver-Test-Automation\\node_modules\\@cucumber\\cucumber\\lib\\runtime\\test_case_runner.js:95:16)\n    at async TestCaseRunner.runStep (C:\\Users\\n.hridi\\Desktop\\JS\\JS Project\\JS-Webdriver-Test-Automation\\node_modules\\@cucumber\\cucumber\\lib\\runtime\\test_case_runner.js:244:26)\n    at async C:\\Users\\n.hridi\\Desktop\\JS\\JS Project\\JS-Webdriver-Test-Automation\\node_modules\\@cucumber\\cucumber\\lib\\runtime\\test_case_runner.js:175:44\n    at async TestCaseRunner.aroundTestStep (C:\\Users\\n.hridi\\Desktop\\JS\\JS Project\\JS-Webdriver-Test-Automation\\node_modules\\@cucumber\\cucumber\\lib\\runtime\\test_case_runner.js:120:32)\n    at async TestCaseRunner.runAttempt (C:\\Users\\n.hridi\\Desktop\\JS\\JS Project\\JS-Webdriver-Test-Automation\\node_modules\\@cucumber\\cucumber\\lib\\runtime\\test_case_runner.js:158:13)\n    at async TestCaseRunner.run (C:\\Users\\n.hridi\\Desktop\\JS\\JS Project\\JS-Webdriver-Test-Automation\\node_modules\\@cucumber\\cucumber\\lib\\runtime\\test_case_runner.js:136:35)\n    at async Runtime.runTestCase (C:\\Users\\n.hridi\\Desktop\\JS\\JS Project\\JS-Webdriver-Test-Automation\\node_modules\\@cucumber\\cucumber\\lib\\runtime\\index.js:40:24)\n    at async Runtime.start (C:\\Users\\n.hridi\\Desktop\\JS\\JS Project\\JS-Webdriver-Test-Automation\\node_modules\\@cucumber\\cucumber\\lib\\runtime\\index.js:61:13)\n    at async runCucumber (C:\\Users\\n.hridi\\Desktop\\JS\\JS Project\\JS-Webdriver-Test-Automation\\node_modules\\@cucumber\\cucumber\\lib\\api\\run_cucumber.js:106:21)\n    at async CucumberAdapter.run (file:///C:/Users/n.hridi/Desktop/JS/JS%20Project/JS-Webdriver-Test-Automation/node_modules/@wdio/cucumber-framework/build/index.js:188:33)\n    at async Runner.run (file:///C:/Users/n.hridi/Desktop/JS/JS%20Project/JS-Webdriver-Test-Automation/node_modules/@wdio/runner/build/index.js:157:24)"},"stage":"finished","steps":[{"status":"passed","statusDetails":{},"stage":"finished","steps":[],"attachments":[{"name":"Request","type":"text/plain","source":"0c1f5a79-32c2-48d5-86a2-f93aa38255b9-attachment.txt"},{"name":"Response","type":"text/plain","source":"99591579-e516-4f9b-9658-ac4afa3a27e9-attachment.txt"}],"parameters":[],"start":1720700797280,"name":"navigateTo","stop":1720700797859},{"status":"passed","statusDetails":{},"stage":"finished","steps":[],"attachments":[{"name":"Request","type":"text/plain","source":"c4af15cf-f891-45c7-a895-f57c1eb3932f-attachment.txt"},{"name":"Response","type":"text/plain","source":"a090d2b4-98cc-497a-8a04-bdb05527d10a-attachment.txt"}],"parameters":[],"start":1720700797862,"name":"findElement","stop":1720700797875},{"status":"passed","statusDetails":{},"stage":"finished","steps":[],"attachments":[{"name":"Request","type":"text/plain","source":"b86ec357-7658-4469-a227-b28102d86fea-attachment.txt"},{"name":"Response","type":"text/plain","source":"f5419e1c-12e5-47eb-8d95-ae8eb5bf19b4-attachment.txt"}],"parameters":[],"start":1720700797882,"name":"findElements","stop":1720700797899},{"status":"passed","statusDetails":{},"stage":"finished","steps":[],"attachments":[{"name":"Request","type":"text/plain","source":"e3ac030b-527a-4f29-8de4-78bf7bf18463-attachment.txt"},{"name":"Response","type":"text/plain","source":"aa5e435d-6641-4a8f-bf07-e68ac0c36f14-attachment.txt"}],"parameters":[],"start":1720700797905,"name":"findElement","stop":1720700797920},{"status":"passed","statusDetails":{},"stage":"finished","steps":[],"attachments":[{"name":"Response","type":"application/json","source":"195b4003-dc12-41cb-ac8d-e826347527d6-attachment.json"}],"parameters":[],"start":1720700797922,"name":"getElementText","stop":1720700797937}],"attachments":[],"parameters":[],"start":1720700797265,"name":"Given I open the main page of Wikipedia","stop":1720700797940},{"status":"broken","statusDetails":{"message":"Step \"I input \"Gabriel García Márquez\" in the search field, change the search language to Español, and click the submit button\" is not defined. You can ignore this error by setting cucumberOpts.ignoreUndefinedDefinitions as true.","trace":"Step \"I input \"Gabriel García Márquez\" in the search field, change the search language to Español, and click the submit button\" is not defined. You can ignore this error by setting cucumberOpts.ignoreUndefinedDefinitions as true.\n\tat Feature(C:\\Users\\n.hridi\\Desktop\\JS\\JS Project\\JS-Webdriver-Test-Automation\\test\\features\\searchLanguage.feature):1:1\n\tat Scenario(Search for an article in a specific language on Wikipedia):3:1\n\tat Step(I input \"Gabriel García Márquez\" in the search field, change the search language to Español, and click the submit button):5:3\n"},"stage":"finished","steps":[],"attachments":[],"parameters":[],"start":1720700797940,"name":"When I input \"Gabriel García Márquez\" in the search field, change the search language to Español, and click the submit button","stop":1720700797941},{"status":"broken","statusDetails":{"message":"Step \"the article page for \"Gabriel García Márquez\" in Spanish is displayed\" is not defined. You can ignore this error by setting cucumberOpts.ignoreUndefinedDefinitions as true.","trace":"Step \"the article page for \"Gabriel García Márquez\" in Spanish is displayed\" is not defined. You can ignore this error by setting cucumberOpts.ignoreUndefinedDefinitions as true.\n\tat Feature(C:\\Users\\n.hridi\\Desktop\\JS\\JS Project\\JS-Webdriver-Test-Automation\\test\\features\\searchLanguage.feature):1:1\n\tat Scenario(Search for an article in a specific language on Wikipedia):3:1\n\tat Step(the article page for \"Gabriel García Márquez\" in Spanish is displayed):6:3\n"},"stage":"finished","steps":[],"attachments":[],"parameters":[],"start":1720700797941,"name":"Then the article page for \"Gabriel García Márquez\" in Spanish is displayed","stop":1720700797941}],"attachments":[],"parameters":[{"name":"browser","value":"chrome-126.0.6478.127"}],"labels":[{"name":"language","value":"javascript"},{"name":"framework","value":"wdio"},{"name":"package","value":"C:.Users.n.hridi.Desktop.JS.JS Project.JS-Webdriver-Test-Automation.test.features.searchLanguage.feature"},{"name":"thread","value":"0-2"},{"name":"suite","value":"Search Language"},{"name":"feature","value":"Search Language"}],"links":[],"start":1720700797261,"name":"Search for an article in a specific language on Wikipedia","testCaseId":"aaac2660becfc0347e2ed3405dc36178","stop":1720700797943}